<?xml version="1.0" encoding="UTF-8"?>
<!-- Generated by org.testng.reporters.JUnitReportReporter -->
<testsuite skipped="0" hostname="DBS-NOTE-350" name="FinanciarSucessTest" tests="1" failures="0" timestamp="2020-04-16T10:54:13 BRT" time="16.138" errors="0">
  <testcase name="FinanciarSucess" time="16.138" classname="FinanciarSucessTest"/>
</testsuite> <!-- FinanciarSucessTest -->
