<?xml version="1.0" encoding="UTF-8"?>
<!-- Generated by org.testng.reporters.JUnitReportReporter -->
<testsuite skipped="0" hostname="DBS-NOTE-350" name="LoginValidoTest" tests="1" failures="0" timestamp="2020-04-16T09:42:54 BRT" time="16.478" errors="0">
  <testcase name="loginValido" time="16.478" classname="LoginValidoTest"/>
</testsuite> <!-- LoginValidoTest -->
