<?xml version="1.0" encoding="UTF-8"?>
<!-- Generated by org.testng.reporters.JUnitReportReporter -->
<testsuite skipped="0" hostname="DBS-NOTE-350" name="FinanciarFailTest" tests="1" failures="0" timestamp="2020-04-16T11:00:23 BRT" time="14.670" errors="0">
  <testcase name="FinanciarSucess" time="14.670" classname="FinanciarFailTest"/>
</testsuite> <!-- FinanciarFailTest -->
